         w __deregister_frame_info
         w __register_frame_info
00000000 a shift
00000000 a shift
00100000 A __start__
14000000 T _start
14000008 T __service_ptr
1400000c T __apt_appid
14000010 T __heap_size
14000014 T __linear_heap_size
14000018 T __system_arglist
1400001c T __system_runflags
14000020 t startup
14000058 t ClearMem
1400006c t ClrLoop
14000094 T _init
140000ac T saveSwapFunc
1400012c T loadSwapFunc
140001ac T loadExeFunc
1400022c t .udivsi3_skip_div0_test
1400022c T __aeabi_uidiv
1400022c 000001ec T __udivsi3
14000418 00000020 T __aeabi_uidivmod
14000438 T __aeabi_idiv
14000438 00000220 T __divsi3
14000440 t .divsi3_skip_div0_test
14000658 00000020 T __aeabi_idivmod
14000678 00000004 W __aeabi_idiv0
14000678 00000004 W __aeabi_ldiv0
1400067c T __aeabi_drsub
14000684 000002b0 T __aeabi_dsub
14000684 000002b0 T __subdf3
14000688 000002ac T __adddf3
14000688 000002ac T __aeabi_dadd
14000934 00000024 T __aeabi_ui2d
14000934 00000024 T __floatunsidf
14000958 00000028 T __aeabi_i2d
14000958 00000028 T __floatsidf
14000980 00000048 T __aeabi_f2d
14000980 00000048 T __extendsfdf2
140009c8 00000074 T __aeabi_ul2d
140009c8 00000074 T __floatundidf
140009dc 00000060 T __aeabi_l2d
140009dc 00000060 T __floatdidf
14000a3c T __aeabi_ldivmod
14000b10 T __aeabi_uldivmod
14000b68 00000390 T strcmp
14000ef0 t __do_global_dtors_aux
14000f30 t frame_dummy
14000f5c 0000003c t _thread_begin
14000f98 0000001c T MyThread_Create
14000fb4 00000038 T MyThread_Join
14000fec 00000008 T bootdiagCreateThread
14000ff4 00000028 t isServiceUsable
1400101c 00000258 T createImageFiles
14001278 000000f4 T CacheToFileThreadMain
1400136c 00000028 T SliderIsMax
14001398 00000128 T ScreenToCacheThreadMain
140014c0 0000004c T datasetCapture_CreateCacheThread
1400150c 0000004c T datasetCapture_CreateFileWriteThread
14001558 00000304 t Draw_ConvertFrameBufferLinesKernel
1400185c 0000000c T Draw_Init
14001868 0000000c T Draw_Lock
14001874 0000000c T Draw_Unlock
14001880 000000cc T Draw_DrawCharacter
1400194c 00000204 T Draw_DrawString
14001b50 00000050 T Draw_DrawFormattedString
14001ba0 00000014 T Draw_ClearFramebuffer
14001bb4 00000078 T Draw_AllocateFramebufferCache
14001c2c 000000a8 T Draw_AllocateFramebufferCacheForScreenshot
14001cd4 0000005c T Draw_FreeFramebufferCache
14001d30 00000010 T Draw_GetFramebufferCache
14001d40 00000010 T Draw_GetFramebufferCacheSize
14001d50 0000011c T Draw_SetupFramebuffer
14001e6c 000000a0 T Draw_RestoreFramebuffer
14001f0c 00000018 T Draw_FlushFramebuffer
14001f24 00000074 T Draw_GetCurrentFramebufferAddress
14001f98 00000044 T Draw_GetCurrentScreenInfo
14001fdc 00000078 T Draw_CreateBitmapHeader
14002054 00000040 T Draw_ConvertFrameBufferLines
14002094 00000128 t ERRF_FormatGenericInfo
140021bc 0000037c t ERRF_FormatError
14002538 0000004c T errDispCreateThread
14002584 00000328 T ERRF_HandleCommands
140028ac 00000154 T errDispThreadMain
14002a00 000001fc t processNumber
14002bfc 00000470 T vsprintf
1400306c 00000028 T sprintf
14003094 00000064 T GDB_InitializeContext
140030f8 00000128 T GDB_AttachToProcess
14003220 000001d8 T GDB_DetachFromProcess
140033f8 00000060 T GDB_CreateProcess
14003458 00000004 T GDB_HandleUnsupported
1400345c 00000024 T GDB_HandleEnableExtendedMode
14003480 00000070 T IFile_Open
140034f0 00000058 T IFile_OpenFromArchive
14003548 00000008 T IFile_Close
14003550 00000024 T IFile_GetSize
14003574 00000028 T IFile_SetSize
1400359c 00000098 T IFile_Read
14003634 00000094 T IFile_Write
140036c8 00000300 T inputRedirectionThreadMain
140039c8 00000290 t InputRedirection_DoUndoHidPatches
14003c58 0000004c T inputRedirectionCreateThread
14003ca4 00000478 T InputRedirection_DoOrUndoPatches
1400411c 00000064 T InputRedirection_Disable
14004180 0000006c T LumaConfig_ConvertComboToString
140041ec 00000014 T LumaConfig_RequestSaveSettings
14004200 000005bc T LumaConfig_SaveSettings
140047bc 00000048 t readCalibration
14004804 00000018 T getMinLuminancePreset
1400481c 00000020 T getMaxLuminancePreset
1400483c 000000dc T getCurrentLuminance
14004918 00000004 t handleTermNotification
14004920 000000a4 t handlePreTermNotification
140049c4 00000014 t handleNextApplicationDebuggedByForce
140049d8 00000094 t handleSleepNotification
14004a6c 00000038 t handleShellNotification
14004aa4 0000000c T __wrap_exit
14004ab0 00000194 T initSystem
14004c44 000000f0 T main
14004d34 000000b4 T memsearch
14004de8 00000110 T hexItoa
14004ef8 000001cc T xstrtoul
140050c4 00000228 T xstrtoull
140052ec 0000004c t scanHeldKeys
14005338 00000028 t isServiceUsable
14005360 00000028 t menuItemIsHidden.isra.0
14005388 00000008 T hidShouldUseIrrst
14005390 000000b4 T waitInputWithTimeout
14005444 000000b8 T waitInputWithTimeoutEx
140054fc 00000008 T waitInput
14005504 00000108 T waitComboWithTimeout
1400560c 00000008 T waitCombo
14005614 00000010 T menuCheckN3ds
14005624 00000024 T menuCountItems
14005648 00000440 t menuDraw
14005a88 0000004c T menuCreateThread
14005ad4 00000090 T menuEnter
14005b68 00000054 T menuLeave
14005bbc 0000023c T menuShow
14005df8 00000170 T menuThreadMain
14005f68 00000030 T rosalinaMenuShouldShowDebugInfo
14005f98 000000bc T RosalinaMenu_SaveSettings
14006054 000000e4 T RosalinaMenu_ShowCredits
14006138 00000230 T RosalinaMenu_ShowDebugInfo
14006368 0000009c T RosalinaMenu_Reboot
14006404 0000021c T RosalinaMenu_ChangeScreenBrightness
14006620 000000a8 T RosalinaMenu_PowerOff
140066c8 00000180 t RosalinaMenu_WriteScreenshot
14006848 00000458 T RosalinaMenu_TakeScreenshot
14006ca0 0000002c t SOCU_Shutdown
14006ccc 00000078 T miniSocLockState
14006d44 00000054 T miniSocUnlockState
14006d98 000001d8 T miniSocInit
14006f70 00000094 T miniSocExitDirect
14007004 0000004c T miniSocExit
14007050 000000a8 T socSocket
140070f8 000000c4 T socBind
140071bc 00000054 T socListen
14007210 000000ec T socAccept
140072fc 000000c8 T socConnect
140073c4 000000d0 T socPoll
14007494 00000054 T socClose
140074e8 00000070 T socSetsockopt
14007558 00000040 T socGethostid
14007598 000001c8 T socRecvfrom
14007760 0000019c T socSendto
140078fc 000001a8 t ntpSetTimeDateImpl
14007aa8 000001c4 T ntpGetTimeStamp
14007c6c 00000018 T ntpSetTimeDate
14007c84 00000038 T ntpNullifyUserTimeOffset
14007cbc 00000064 T PMDBG_GetCurrentAppInfo
14007d20 00000030 T PMDBG_DebugNextApplicationByForce
14007d50 00000054 T PMDBG_LaunchTitleDebug
14007da4 000000ac T OpenProcessByName
14007e50 000000e8 T OperateOnProcessByName
14007f38 00000440 T ServiceManager_Run
14008378 00000110 T handleShellOpened
14008488 00000010 T Sleep__Init
14008498 0000007c T Sleep__HandleNotification
14008514 0000002c T Sleep__Status
14008540 00000098 t server_close_ctx
140085d8 00000044 t server_should_exit.isra.0
1400861c 00000048 T server_init
14008668 000001e8 T server_bind
14008850 00000090 T server_kill_connections
140088e0 00000054 T server_finalize
14008934 0000005c T Wifi__IsConnected
14008990 000003dc T server_run
14008d6c 00000004 t taskRunnerNoOpFunction
14008d70 00000040 T TaskRunner_HandleTasks
14008db0 00000038 T TaskRunner_Init
14008de8 00000044 T taskRunnerCreateThread
14008e2c 00000048 T TaskRunner_RunTask
14008e74 00000024 T TaskRunner_Terminate
14008e98 00000050 T formatMemoryPermission
14008ee8 0000001c T formatUserMemoryState
14008f04 00000138 T formatMemoryMapOfProcess
1400903c 000001b0 T dateTimeToString
140091f0 000001a0 T floatToString
14009390 00000080 T GDB_FindClosestBreakpointSlot
14009410 00000054 T GDB_GetBreakpointInstruction
14009464 000001bc T GDB_AddBreakpoint
14009620 0000003c T GDB_DisableBreakpointById
1400965c 000000b4 T GDB_RemoveBreakpoint
14009710 00000088 t GDB_DetachImmediatelyExtended
14009798 00000184 t GDB_ParseCommonThreadInfo.isra.0
1400991c 0000009c T GDB_HandleRestart
140099b8 0000009c T GDB_HandleDetach
14009a54 00000034 T GDB_HandleKill
14009a88 0000009c T GDB_HandleVerboseKill
14009b24 0000002c T GDB_HandleBreak
14009b50 00000030 T GDB_ContinueExecution
14009b80 000000ec T GDB_HandleContinue
14009c6c 00000110 T GDB_HandleVerboseContinue
14009d7c 00000204 T GDB_PreprocessDebugEvent
14009f80 00000498 T GDB_SendStopReply
1400a418 000001f8 T GDB_HandleVerboseRun
1400a610 000000ac T GDB_HandleVerboseAttach
1400a6bc 000000a8 T GDB_HandleGetStopReason
1400a764 00000154 T GDB_HandleDebugEvents
1400a8b8 00000070 T GDB_FetchPackedHioRequest
1400a928 00000010 T GDB_IsHioInProgress
1400a938 00000138 T GDB_SendCurrentHioRequest
1400aa70 00000178 T GDB_HandleHioReply
1400abe8 00000008 t k_memcpy_no_interrupt
1400abf0 00000114 T GDB_ReadTargetMemoryInPage
1400ad04 0000014c T GDB_WriteTargetMemoryInPage
1400ae50 00000064 T GDB_ReadTargetMemory
1400aeb4 00000064 T GDB_WriteTargetMemory
1400af18 000000b0 T GDB_SendMemory
1400afc8 00000034 T GDB_WriteMemory
1400affc 00000140 T GDB_SearchMemory
1400b13c 00000058 T GDB_HandleReadMemory
1400b194 00000098 T GDB_HandleWriteMemory
1400b22c 000000a4 T GDB_HandleWriteMemoryRaw
1400b2d0 00000110 T GDB_HandleQuerySearchMemory
1400b3e0 000001f0 T GDB_RunMonitor
1400b5d0 00000048 t GDB_DecodeHexDigit
1400b618 00000038 t GDB_DoSendPacket
1400b650 00000024 T GDB_ComputeChecksum
1400b674 00000044 T GDB_EncodeHex
1400b6b8 00000088 T GDB_DecodeHex
1400b740 00000098 T GDB_EscapeBinaryData
1400b7d8 00000038 T GDB_UnescapeBinaryData
1400b810 000000b0 T GDB_ParseIntegerList
1400b8c0 000000b0 T GDB_ParseIntegerList64
1400b970 00000024 T GDB_ParseHexIntegerList
1400b994 00000024 T GDB_ParseHexIntegerList64
1400b9b8 0000027c T GDB_ReceivePacket
1400bc34 0000006c T GDB_SendPacket
1400bca0 00000058 T GDB_SendFormattedPacket
1400bcf8 0000007c T GDB_SendHexPacket
1400bd74 000000a4 T GDB_SendStreamData
1400be18 000000a0 T GDB_SendDebugString
1400beb8 00000010 T GDB_ReplyEmpty
1400bec8 00000010 T GDB_ReplyOk
1400bed8 00000048 T GDB_ReplyErrno
1400bf20 000000c4 t GDB_HandleQuery
1400bfe4 00000088 T GDB_HandleQuerySupported
1400c06c 0000000c T GDB_HandleQueryStartNoAckMode
1400c078 00000024 T GDB_HandleQueryAttached
1400c09c 00000138 T GDB_HandleQueryCatchSyscalls
1400c1d4 00000008 T GDB_HandleReadQuery
1400c1dc 00000008 T GDB_HandleWriteQuery
1400c1e4 0000005c t GDB_ConvertRegisterNumber
1400c240 00000060 T GDB_HandleReadRegisters
1400c2a0 00000070 T GDB_HandleWriteRegisters
1400c310 000000ec T GDB_HandleReadRegister
1400c3fc 00000160 T GDB_HandleWriteRegister
1400c55c 00000028 t GDB_SkipSpaces
1400c584 0000011c T GDB_HandleRemoteCommandConvertVAToPA
1400c6a0 0000019c T GDB_HandleRemoteCommandListAllHandles
1400c83c 00000058 T GDB_HandleRemoteCommandToggleExternalMemoryAccess
1400c894 00000274 T GDB_HandleRemoteCommandSyncRequestInfo
1400cb08 00000280 T GDB_HandleRemoteCommandTranslateHandle
1400cd88 00000138 T GDB_HandleRemoteCommandCatchSvc
1400cec0 00000048 T GDB_HandleRemoteCommandGetThreadPriority
1400cf08 00000128 t GDB_HandleRemoteCommandGetMmuConfig.part.0
1400d030 0000001c T GDB_HandleRemoteCommandGetMmuConfig
1400d04c 00000060 T GDB_HandleRemoteCommandGetMemRegions
1400d0ac 00000034 T GDB_HandleRemoteCommandFlushCaches
1400d0e0 000000f4 T GDB_HandleQueryRcmd
1400d1d4 00000004 T GDB_ReleaseClient
1400d1d8 0000004c T GDB_AcceptClient
1400d224 00000128 T GDB_CloseClient
1400d34c 00000130 T GDB_DoPacket
1400d47c 000000a4 T GDB_InitializeServer
1400d520 0000006c T GDB_FinalizeServer
1400d58c 00000024 T GDB_IncrementServerReferenceCount
1400d5b0 0000002c T GDB_DecrementServerReferenceCount
1400d5dc 0000006c T GDB_RunServer
1400d648 0000002c T GDB_LockAllContexts
1400d674 0000002c T GDB_UnlockAllContexts
1400d6a0 00000180 T GDB_GetClient
1400d820 00000108 T GDB_SelectAvailableContext
1400d928 00000060 T GDB_FindAllocatedContextByPid
1400d988 00000108 T GDB_HandleToggleStopPoint
1400da90 000000b8 t GDB_SendThreadData
1400db48 00000148 T GDB_ParseThreadId
1400dc90 00000040 T GDB_ParseDecodeSingleThreadId
1400dcd0 00000038 T GDB_EncodeThreadId
1400dd08 000000cc t GDB_GenerateThreadListData
1400ddd4 0000006c T GDB_GetDynamicThreadPriority
1400de40 000000fc t thread_compare_func
1400df3c 00000058 T GDB_GetCurrentThreadFromList
1400df94 0000004c T GDB_GetCurrentThread
1400dfe0 000000dc T GDB_HandleSetThreadId
1400e0bc 00000080 T GDB_HandleIsThreadAlive
1400e13c 00000068 T GDB_HandleQueryCurrentThreadId
1400e1a4 00000028 T GDB_HandleQueryfThreadInfo
1400e1cc 00000004 T GDB_HandleQuerysThreadInfo
1400e1d0 00000038 T GDB_HandleQueryThreadEvents
1400e208 000001d8 T GDB_HandleQueryThreadExtraInfo
1400e3e0 00000088 T GDB_HandleQueryGetTLSAddr
1400e468 000000b0 t GDB_TioConvertResult
1400e518 00000034 t GDB_TioConvertFd
1400e54c 00000010 t GDB_TioReplyErrno
1400e55c 00000090 t GDB_MakeUtf16Path
1400e5ec 00000270 T GDB_HandleTioOpen
1400e85c 0000009c T GDB_HandleTioClose
1400e8f8 00000120 T GDB_HandleTioRead
1400ea18 000000cc T GDB_HandleTioWrite
1400eae4 00000174 T GDB_HandleTioStat
1400ec58 000000d4 T GDB_HandleTioUnlink
1400ed2c 00000028 T GDB_HandleTioReadlink
1400ed54 00000050 T GDB_HandleTioSetfs
1400eda4 00000094 T GDB_HandleVerboseFile
1400ee38 00000010 T GDB_HandleVerboseContinueSupported
1400ee48 000000a8 T GDB_HandleVerboseCommand
1400eef0 0000007c T GDB_ResetWatchpoints
1400ef6c 000000fc T GDB_RemoveWatchpoint
1400f068 0000005c T GDB_GetWatchpointKind
1400f0c4 00000148 T GDB_AddWatchpoint
1400f20c 000000c0 T GDB_HandleXferOsData
1400f2cc 00000078 T GDB_HandleXferFeatures
1400f344 000000f0 t GDB_HandleXferOsDataCfwVersion.part.0
1400f434 0000001c T GDB_HandleXferOsDataCfwVersion
1400f450 0000019c T GDB_HandleXferOsDataMemory
1400f5ec 00000120 t GDB_HandleXferOsDataProcesses.part.0
1400f70c 0000001c T GDB_HandleXferOsDataProcesses
1400f728 000001a4 T GDB_HandleQueryXfer
1400f8cc 0000001c t activeOffset
1400f8e8 0000001c t activeData
1400f904 00000014 t activeStorage
1400f918 00000070 t Cheat_IsValidAddress
1400f988 00000098 t Cheat_Write16
1400fa20 00000098 t Cheat_Write32
1400fab8 0000007c t Cheat_Write8
1400fb34 000000a4 t Cheat_Read32
1400fbd8 00000088 t Cheat_Read8
1400fc60 00000044 t Cheat_GetCurrentProcessAndTitleId.constprop.0
1400fca4 000000a4 t Cheat_Read16.constprop.0
1400fd48 000018b8 t Cheat_MapMemoryAndApplyCheat
14011600 0000069c t Cheat_LoadCheatsIntoMemory
14011c9c 00000010 T Cheat_SeedRng
14011cac 0000009c T Cheat_ApplyCheats
14011d48 000003e4 T RosalinaMenu_Cheats
1401212c 00000148 T DebuggerMenu_DebugNextApplicationByForce
14012274 00000028 T debuggerSocketThreadMain
1401229c 00000028 T debuggerDebugThreadMain
140122c4 00000040 T debuggerCreateSocketThread
14012304 00000040 T debuggerCreateDebugThread
14012348 000001d0 T DebuggerMenu_EnableDebugger
14012518 00000068 T debuggerFetchAndSetNextApplicationDebugHandleTask
14012580 0000009c T debuggerDisable
14012620 000000e0 T DebuggerMenu_DisableDebugger
14012700 00000174 T MiscellaneousMenu_SwitchBoot3dsxTargetTitle
14012874 0000013c T MiscellaneousMenu_ChangeMenuCombo
140129b0 000002cc T MiscellaneousMenu_InputRedirection
14012c7c 000002d4 T MiscellaneousMenu_UpdateTimeDateNtp
14012f50 000000bc T MiscellaneousMenu_NullifyUserTimeOffset
1401300c 000000cc T MiscellaneousMenu_DumpDspFirm
140130d8 000001bc t MiscellaneousMenu_DumpDspFirmCallback
14013294 000000a8 T N3DSMenu_UpdateStatus
1401333c 00000048 T N3DSMenu_ChangeClockRate
14013384 00000048 T N3DSMenu_EnableDisableL2Cache
140133cc 00000028 t viewHeap.14
140133f4 00000028 t viewCode.16
1401341c 00000018 t clearMenu.18
14013438 00000114 T ProcessListMenu_FetchInfo
1401354c 0000128c T RosalinaMenu_ProcessList
140147d8 0000006c t ScreenFiltersMenu_IsDefaultSettingsFilter
14014844 000000b4 t ScreenFiltersMenu_ClampFilter
140148f8 000001c0 t ScreenFiltersMenu_AdvancedConfigurationHelper
14014ab8 00000098 t ScreenFilterMenu_CalculatePolynomialColorLutComponent.constprop.0
14014b50 00000124 t ScreenFiltersMenu_ApplyColorSettings
14014c74 00000030 t ScreenFiltersMenu_SetCct
14014ca4 0000000c T ScreenFiltersMenu_SetDefault
14014cb0 0000000c T ScreenFiltersMenu_SetAquarium
14014cbc 0000000c T ScreenFiltersMenu_SetOvercastSky
14014cc8 0000000c T ScreenFiltersMenu_SetDaylight
14014cd4 0000000c T ScreenFiltersMenu_SetFluorescent
14014ce0 0000000c T ScreenFiltersMenu_SetHalogen
14014cec 0000000c T ScreenFiltersMenu_SetIncandescent
14014cf8 0000000c T ScreenFiltersMenu_SetWarmIncandescent
14014d04 0000000c T ScreenFiltersMenu_SetCandle
14014d10 00000008 T ScreenFiltersMenu_SetEmber
14014d18 0000015c t ScreenFiltersMenu_AdvancedConfigurationChangeValue
14014e74 000001d8 T ScreenFiltersMenu_AdvancedConfiguration
14015050 0000008c T ScreenFiltersMenu_RestoreSettings
140150e0 000002f8 T ScreenFiltersMenu_LoadConfig
140153d8 00000114 T SysConfigMenu_ToggleLEDs
140154ec 00000130 T SysConfigMenu_TogglePowerButton
1401561c 0000039c T SysConfigMenu_ControlWifi
140159b8 00000148 T SysConfigMenu_ToggleCardIfPower
14015b00 000000ec t SysConfigMenu_ApplyVolumeOverride
14015bec 00000238 T SysConfigMenu_AdjustVolume
14015e24 000000a4 T SysConfigMenu_DisableForcedWifiConnection
14015ec8 00000188 T SysConfigMenu_ToggleWireless
14016050 00000040 T SysConfigMenu_UpdateStatus
14016090 00000044 T SysConfigMenu_LoadConfig
140160d4 00000098 T Check_3gx_Magic
1401616c 00000028 T Read_3gx_Header
14016194 00000200 T Read_3gx_ParseHeader
14016394 00000088 T Set_3gx_LoadParams
1401641c 000001bc T Read_3gx_EmbeddedPayloads
140165d8 0000006c T Reset_3gx_LoadParams
14016644 000000f4 T Read_3gx_LoadSegments
14016738 00000094 T DispMessage
140167cc 000000c8 T DispErrMessage
14016894 00000188 T DisplayPluginMenu
14016a1c 0000006c t OpenFile
14016a88 00000784 T TryToLoadPlugin
1401720c 0000002c T MemoryBlock__SetSize
14017238 000001b8 T MemoryBlock__IsReady
140173f0 00000078 T MemoryBlock__Free
14017468 0000014c T MemoryBlock__ToSwapFile
140175b4 00000140 T MemoryBlock__FromSwapFile
140176f4 00000084 T MemoryBlock__MountInProcess
14017778 0000003c T MemoryBlock__UnmountFromProcess
140177b4 0000009c T MemoryBlock__SetSwapSettings
14017850 000000a4 T MemoryBlock__ResetSwapSettings
140178f4 00000018 T MemoryBlock__GetMappedPluginHeader
1401790c 00000020 t ThreadPredicate
1401792c 000001d0 T PluginLoader__Init
14017afc 00000014 T PluginLoader__Error
14017b10 00000010 T PluginLoader__IsEnabled
14017b20 00000028 T PluginLoader__UpdateMenu
14017b48 00000024 T PluginLoader__MenuCallback
14017b6c 000000c8 T PluginLoader__SetMode3AppMode
14017c34 00000008 t j_PluginLoader__SetMode3AppMode
14017c3c 00000064 T PLG__NotifyEvent
14017ca0 0000005c T PLG__WaitForReply
14017cfc 00000024 T PLG__SetConfigMemoryStatus
14017d20 00000658 T PluginLoader__HandleCommands
14018378 000000ac t WaitForProcessTerminated
14018424 00000024 T PLG__GetConfigMemoryStatus
14018448 00000028 T PLG__GetConfigMemoryEvent
14018470 000001a4 T PluginLoader__HandleKernelEvent
14018618 000000d8 T colorramp_get_white_point
140186f0 T svcCustomBackdoor
140186f8 T svcConvertVAToPA
14018700 T svcFlushDataCacheRange
14018708 T svcFlushEntireDataCache
14018710 T svcInvalidateEntireInstructionCache
14018718 T svcMapProcessMemoryEx
1401872c T svcUnmapProcessMemoryEx
14018734 T svcControlMemoryEx
14018754 T svcControlMemoryUnsafe
14018768 T svcControlService
14018770 T svcCopyHandle
14018784 T svcTranslateHandle
14018798 T svcControlProcess
140187a0 00000054 T osGetTimeRef
140187f4 000000ec T osGetTime
140188e0 0000012c T srvInit
14018a0c 0000000c T srvSetBlockingPolicy
14018a18 00000060 T srvEnableNotification
14018a78 00000090 T srvRegisterService
14018b08 00000058 T srvUnregisterService
14018b60 000000a0 T srvGetServiceHandleDirect
14018c00 00000038 T srvGetServiceHandle
14018c38 00000034 T srvSubscribe
14018c6c 00000034 T srvUnsubscribe
14018ca0 00000060 T srvReceiveNotification
14018d00 00000038 T srvPublishToSubscriber
14018d38 00000090 T srvIsServiceRegistered
14018dc8 0000000c T __sync_init
14018dd4 000000ac T LightLock_Lock
14018e80 00000024 T RecursiveLock_Init
14018ea4 00000030 T RecursiveLock_Lock
14018ed4 00000054 T RecursiveLock_Unlock
14018f28 00000040 T LightEvent_Init
14018f68 000000a4 T LightEvent_Clear
1401900c 000000c8 T LightEvent_Signal
140190d4 000000a0 T LightEvent_Wait
14019174 000000b4 t mappableFindAddressWithin
14019228 00000028 T mappableInit
14019250 00000080 T mappableAlloc
140192d0 00000004 T mappableFree
140192d4 0000008c T acInit
14019360 0000003c T acExit
1401939c 00000040 T ACU_CreateDefaultConfig
140193dc 00000058 T ACU_ConnectAsync
14019434 00000038 T ACU_GetStatus
1401946c 00000038 T ACU_GetWifiStatus
140194a4 00000050 T ACU_SetAllowApType
140194f4 00000050 T ACU_SetNetworkArea
14019544 00000058 T ACU_SetRequestEulaVersion
1401959c 00000040 T ACU_GetSSID
140195dc 00000034 T ACI_LoadNetworkSetting
14019610 00000070 T ACI_GetNetworkWirelessEssidSecuritySsid
14019680 00000158 T aptSendCommand
140197d8 00000020 T APT_HardwareResetAsync
140197f8 00000074 T cdcChkInit
1401986c 0000003c T cdcChkExit
140198a8 0000000c T cdcChkGetSessionHandle
140198b4 00000078 T CDCCHK_ReadRegisters2
1401992c 0000004c T CDCCHK_WriteRegisters2
14019978 000000a4 T cfguInit
14019a1c 0000003c T cfguExit
14019a58 0000004c T CFG_GetConfigInfoBlk8
14019aa4 0000004c T CFG_SetConfigInfoBlk4
14019af0 00000030 T CFG_UpdateConfigSavegame
14019b20 000000cc T fsInit
14019bec 00000084 T fsMakePath
14019c70 000000cc T FSUSER_OpenFile
14019d3c 000000d4 T FSUSER_OpenFileDirectly
14019e10 000000bc T FSUSER_DeleteFile
14019ecc 000000d4 T FSUSER_CreateFile
14019fa0 000000c4 T FSUSER_CreateDirectory
1401a064 000000b4 T FSUSER_OpenDirectory
1401a118 00000094 T FSUSER_OpenArchive
1401a1ac 0000008c T FSUSER_CloseArchive
1401a238 00000058 T FSUSER_GetSdmcSpeedInfo
1401a290 00000058 T FSUSER_GetNandSpeedInfo
1401a2e8 00000064 T FSUSER_CardSlotPowerOn
1401a34c 00000064 T FSUSER_CardSlotPowerOff
1401a3b0 00000064 T FSUSER_CardSlotGetCardIFPowerStatus
1401a414 00000048 T FSUSER_SetPriority
1401a45c 00000058 T FSFILE_Read
1401a4b4 00000060 T FSFILE_Write
1401a514 00000038 T FSFILE_GetSize
1401a54c 00000028 T FSFILE_SetSize
1401a574 0000003c T FSFILE_Close
1401a5b0 00000050 T FSDIR_Read
1401a600 0000003c T FSDIR_Close
1401a63c 00000074 T gspLcdInit
1401a6b0 0000003c T gspLcdExit
1401a6ec 00000038 T GSPLCD_SetBrightnessRaw
1401a724 0000018c T hidInit
1401a8b0 000000e8 T hidExit
1401a998 0000003c T hidSetRepeatParameters
1401a9d4 000002a4 T hidScanInput
1401ac78 00000010 T hidKeysHeld
1401ac88 00000010 T hidKeysDown
1401ac98 00000018 T hidKeysDownRepeat
1401acb0 00000018 T hidTouchRead
1401acc8 00000160 T irrstInit
1401ae28 000000cc T irrstExit
1401aef4 000000b4 T irrstScanInput
1401afa8 00000024 T irrstKeysHeld
1401afcc 00000074 T mcuHwcInit
1401b040 0000003c T mcuHwcExit
1401b07c 0000000c T mcuHwcGetSessionHandle
1401b088 00000048 T MCUHWC_ReadRegister
1401b0d0 00000048 T MCUHWC_WriteRegister
1401b118 00000038 T MCUHWC_GetFwVerHigh
1401b150 00000038 T MCUHWC_GetFwVerLow
1401b188 00000074 T ndmuInit
1401b1fc 00000048 T ndmuExit
1401b244 0000003c T NDMU_EnterExclusiveState
1401b280 00000034 T NDMU_LeaveExclusiveState
1401b2b4 00000034 T NDMU_LockState
1401b2e8 00000034 T NDMU_UnlockState
1401b31c 00000074 T nwmExtInit
1401b390 0000003c T nwmExtExit
1401b3cc 0000003c T NWMEXT_ControlWirelessEnabled
1401b408 00000074 T pmAppInit
1401b47c 00000074 T pmDbgInit
1401b4f0 0000000c T pmDbgGetSessionHandle
1401b4fc 00000038 T PMDBG_RunQueuedProcess
1401b534 00000074 T ptmSetsInit
1401b5a8 0000003c T ptmSetsExit
1401b5e4 0000003c T PTMSETS_SetSystemTime
1401b620 00000074 T ptmSysmInit
1401b694 0000003c T ptmSysmExit
1401b6d0 0000003c T PTMSYSM_ReplyToSleepQuery
1401b70c 0000003c T PTMSYSM_NotifySleepPreparationComplete
1401b748 0000003c T PTMSYSM_SetUserTime
1401b784 0000003c T PTMSYSM_SetRtcTime
1401b7c0 0000000c T srvPmGetSessionHandle
1401b7cc 0000003c T _net_convert_error
1401b808 000000e8 T utf16_to_utf8
1401b8f0 000000c0 T utf8_to_utf16
1401b9b0 00000030 T __syscall_getreent
1401b9e0 T svcControlMemory
1401ba00 T svcQueryMemory
1401ba30 T svcExitProcess
1401ba38 T svcCreateThread
1401ba58 T svcExitThread
1401ba60 T svcSleepThread
1401ba68 T svcGetThreadPriority
1401ba7c T svcReleaseMutex
1401ba84 T svcCreateEvent
1401ba98 T svcSignalEvent
1401baa0 T svcClearEvent
1401baa8 T svcCreateMemoryBlock
1401bac0 T svcMapMemoryBlock
1401bac8 T svcUnmapMemoryBlock
1401bad0 T svcCreateAddressArbiter
1401bae4 T svcArbitrateAddress
1401bafc T svcArbitrateAddressNoTimeout
1401bb04 T svcCloseHandle
1401bb0c T svcWaitSynchronization
1401bb14 T svcWaitSynchronizationN
1401bb3c T svcDuplicateHandle
1401bb50 T svcGetSystemTick
1401bb58 T svcGetHandleInfo
1401bb70 T svcGetSystemInfo
1401bb88 T svcGetProcessInfo
1401bba0 T svcConnectToPort
1401bbb4 T svcSendSyncRequest
1401bbbc T svcOpenProcess
1401bbd0 T svcOpenThread
1401bbe4 T svcBreak
1401bbec T svcCreatePort
1401bc0c T svcAcceptSession
1401bc24 T svcReplyAndReceive
1401bc3c T svcFlushProcessDataCache
1401bc44 T svcDebugActiveProcess
1401bc58 T svcBreakDebugProcess
1401bc60 T svcTerminateDebugProcess
1401bc68 T svcGetProcessDebugEvent
1401bc70 T svcContinueDebugEvent
1401bc78 T svcGetProcessList
1401bc8c T svcGetDebugThreadContext
1401bc94 T svcSetDebugThreadContext
1401bc9c T svcQueryDebugProcessMemory
1401bcc0 T svcReadProcessMemory
1401bcc8 T svcWriteProcessMemory
1401bcd0 T svcGetDebugThreadParam
1401bcf0 T svcKernelSetState
1401bcf8 T svcQueryProcessMemory
1401bd1c 00000084 W envGetHandle
1401bda0 00000064 T decode_utf16
1401be04 0000013c T decode_utf8
1401bf40 00000054 T encode_utf16
1401bf94 000000e0 T encode_utf8
1401c078 000003ec T powf
1401c464 00000024 t with_errnof
1401c488 00000018 t xflowf
1401c4a0 0000000c T __math_uflowf
1401c4ac 0000000c T __math_may_uflowf
1401c4b8 0000000c T __math_oflowf
1401c4c4 00000030 T __math_divzerof
1401c4f4 0000001c T __math_invalidf
1401c510 00000040 T __aeabi_d2ulz
1401c510 00000040 T __fixunsdfdi
1401c550 00000120 T __udivmoddi4
1401c670 000000e4 T strncmp
1401c754 00000130 T strchr
1401c884 0000005c T strlen
1401c8e0 00000150 T memmove
1401ca30 00000070 T strcat
1401caa0 000000d8 T memcmp
1401cb78 0000003c T __libc_fini_array
1401cbb4 00000974 T qsort
1401d528 00000024 T strchrnul
1401d54c 00000048 T strnlen
1401d594 0000000c T __errno
1401d5a0 0000011c T memcpy
1401d6bc 000000f4 T memset
1401d7b0 000000f0 T strcpy
1401d8a0 000000c4 T strncpy
1401d964 00000084 T __libc_init_array
1401d9e8 0000002c T __getreent
1401da14 T _fini
1401e2a0 R osdata_xml
1401e515 R osdata_xml_end
1401e518 R osdata_cfw_version_template_xml
1401e609 R osdata_cfw_version_template_xml_end
1401e60c R osdata_memory_template_xml
1401e931 R osdata_memory_template_xml_end
1401e934 R target_xml
1401f01b R target_xml_end
1401f01c R config_template_ini
14020a80 R config_template_ini_end
1402318c 00000005 r formatSizes.0
14023194 00000a00 r font
14023b94 00000014 r exceptionTypes.0
14023ba8 0000001c r types.1
14023bc4 00000044 r registerNames.2
14023c08 00000014 r hidOrigCode.2
14023c1c 00000008 r hidOrigRegisterAndValue.3
14023c24 00000008 r irOrigCppFlagCode.12
14023c2c 00000008 r irOrigWaitSyncCodeOld.13
14023c34 0000000c r irOrigWaitSyncCode.14
14023c40 0000000c r CSWTCH.18
14023c4c 00000010 r pinOptionToDigits.0
14023c5c 00000080 r keys.1
14023cdc 0000001c r values.0
14023cf8 00000070 r notifications
14023d68 00000020 r services
14023d88 00000050 r pow10.0
14023dd8 0000000c r daysInMonth.1
14023de4 00000030 r states.2
14023e14 0000000c r processExitReplies.0
14023e20 00000010 r threadExitRepliesSigs.1
14023e30 0000009c r gdbQueryHandlers
14023ecc 000000b0 r gdbCommandHandlers
14023f7c 00000003 r kinds.0
14023f80 00000040 r gdbTioCommandHandlers
14023fc0 00000038 r gdbVerboseCommandHandlers
14023ff8 0000000a r footer.0
14024002 0000004f r item.1
14024051 0000001a r header.2
1402406b 00000008 r typeEMapping
1402407c 00000008 r status.0
14024084 00000b58 r blackbody_color
14024bdc R hidCodePatchFunc
14024c1c r skip_touch_cp_cpy
14024c90 R irCodePatchFunc
14024c98 r i2c_readdeviceraw_addr
14024c9c r redirected_input_addr
14024ca0 r skip_vars
14024ca4 r ir_check_i2c
14024dbc 0000004d r _net_error_code_map
14024e10 00000128 R __powf_log2_data
14024f38 00000148 R __exp2f_data
14025080 R __tdata_align
14025084 r __EH_FRAME_BEGIN__
14025084 R __exidx_end
14025084 R __exidx_start
14026000 D gamePatchFunc
1402602c d startplugin
14026040 d exit
14026054 D g_savedGameInstr
14026060 00000014 d syncHookCode.8
14026074 00000014 d irHook.9
14026088 00000014 d irOrigReadingCode.15
1402609c 00000004 d irData
140260a0 00000020 d hidData
140260c0 00000038 d s_blPwmData
140260f8 00000104 D rosalinaMenu
140261fc 00000004 d socContextAddr
14026200 00000050 D remoteCommandHandlers
14026250 00000018 D xferOsDataCommandHandlers
14026268 00000010 D xferCommandHandlers
14026278 00000008 D cheatTitleInfo
14026280 00000104 D debuggerMenu
14026384 00000104 D miscellaneousMenu
14026488 00000104 D N3DSMenu
1402658c 00000104 D screenFiltersMenu
14026690 00000001 d backupVolumeOverride.0
14026691 00000001 D currVolumeSliderOverride
14026694 00000104 D sysconfigMenu
14026798 00000004 D g_memBlockSize
1402679c 00000004 d kCount
140267a0 00000004 d kInterval
140267a4 00000004 d kDelay
140267a8 00000004 D _impure_ptr
140267b0 00000120 D _impure_data
140268d0 d __frame_dummy_init_array_entry
140268d0 D __init_array_start
140268d0 B __preinit_array_end
140268d0 B __preinit_array_start
140268d0 D __tdata_lma
140268d0 D __tdata_lma_end
140268d4 d __do_global_dtors_aux_fini_array_entry
140268d4 D __fini_array_start
140268d4 D __init_array_end
140268d8 D __bss_start__
140268d8 D __fini_array_end
140268d8 b completed.1
140268dc b object.0
140268f4 00000001 B readyToWrite
140268f8 00002000 b CacheThreadStack
140288f8 00002000 b WriteThreadStack
1402a8f8 00000010 b WriteThread
1402a908 00000010 b CacheThread
1402a918 00000004 b framebufferCacheEnd
1402a91c 00000004 b framebufferCache
1402a920 0000000c b lock
1402a92c 00000004 b framebufferCache
1402a930 00000004 b framebufferCacheSize
1402a934 00000004 b gpuSavedFillColor
1402a938 00000004 b gpuSavedFramebufferStride
1402a93c 00000004 b gpuSavedFramebufferFormat
1402a940 00000004 b gpuSavedFramebufferAddr2
1402a944 00000004 b gpuSavedFramebufferAddr1
1402a948 00000101 b staticBuf
1402aa49 00000101 b userString
1402ab50 00000d00 b errDispThreadStack
1402b850 00000010 b errDispThread
1402b860 00000004 b hidPatchJumpLoc.0
1402b864 00000008 b hidRegPatchOffsets.1
1402b86c 00000001 b patchPrepared.4
1402b870 00000004 b cppFlagLoc.5
1402b874 00000004 b syncLoc.6
1402b878 00000004 b hookLoc.7
1402b87c 00000004 b origCppFlag.10
1402b880 00000004 b origIrSync.11
1402b884 00000001 b patchPrepared.16
1402b885 00000001 b irPatched.17
1402b886 00000001 b hidPatched.18
1402b888 00000004 B inputRedirectionStartResult
1402b890 00004000 b inputRedirectionThreadStack
1402f890 00000010 b inputRedirectionThread
1402f8a0 00000004 B inputRedirectionThreadStartedEvent
1402f8a4 00000001 B inputRedirectionEnabled
1402f8a5 00000001 B saveSettingsRequest
1402f8a6 00000001 b calibRead.0
1402f8a8 00000004 B preTerminationEvent
1402f8ac 00000001 B preTerminationRequested
1402f8ad 00000001 B menuShouldExit
1402f8ae 00000001 B isN3DS
1402f8b0 00000004 b menuRefCount
1402f8b4 00000004 B g_blockMenuOpen
1402f8b8 00000001 b batteryTemperature
1402f8bc 00000004 b batteryVoltage
1402f8c0 00000004 b batteryPercentage
1402f8c8 00003000 b menuThreadStack
140328c8 00000010 b menuThread
140328d8 00000004 B mcuFwVersion
140328dc 00000001 B isHidInitialized
140328e0 00000004 B menuCombo
140328e8 00000008 b timeSpentWritingScreenshot
140328f0 00000008 b timeSpentConvertingScreenshot
140328f8 00000001 B miniSocEnabled
140328f9 00000001 b exclusiveStateEntered
140328fc 00000004 b miniSocMemHandle
14032900 00000004 b miniSocHandle
14032904 00000004 B miniSocRefCount
14032908 00000008 b g_onWakeUpEvent
14032910 00000001 b g_isSleeping
14032918 00001000 b taskRunnerThreadStack
14033918 00000010 b taskRunnerThread
14033928 00000058 B g_taskRunner
14033980 00000001 b lockInitialized.0
14033984 00000024 b manager
140339a8 0000000c B watchpointManagerLock
140339b4 00000001 b ReadWriteBuffer8
140339b6 00000002 b ReadWriteBuffer16
140339b8 00000004 b ReadWriteBuffer32
140339bc 00000040 B failureReason
14033a00 00000008 B cheatRngState
14033a08 00000001 B cheatCount
14033a0c 00000028 B cheat_state
14033a34 00001000 B cheatPage
14034a34 00008000 B cheatBuffer
1403ca34 00001000 B cheats
1403da34 00000004 B nextApplicationGdbCtx
1403da38 0000ab00 B gdbServer
14048538 00003000 b debuggerDebugThreadStack
1404b538 00005000 b debuggerSocketThreadStack
14050538 00000010 b debuggerDebugThread
14050548 00000010 b debuggerSocketThread
14050558 00000004 B lastNtpTzOffset
14050560 00000008 b L2CacheEnabled
14050568 00000008 b higherClkRate
14050570 00000008 b clkRate
14050578 00000081 b clkRateBuf
140505f9 00000001 B ascii
14050600 00000800 b infosPrev
14050e00 00000800 b infos
14051600 00000010 B bottomScreenFilter
14051610 00000010 B topScreenFilter
14051620 00000001 B isConnectionForced
14051624 00000010 B g_loadExeArgs
14051634 00000100 b errorBuf.0
14051734 00000100 b g_path
14051838 00001590 b g_entries
14052dc8 00000100 B g_swapFileName
14052ec8 00000010 B g_loadSaveSwapArgs
14052ed8 00000004 b g_memorymodeoverridebackup
14052edc 000002d0 B PluginLoaderCtx
140531ac 00000004 b srvRefCount
140531b0 00000004 b srvHandle
140531b4 00000004 b arbiter
140531b8 00000004 b currentAddr
140531bc 00000004 b maxAddr
140531c0 00000004 b minAddr
140531c4 00000004 b acRefCount
140531c8 00000004 b acHandle
140531cc 00000004 b serviceName.6
140531d0 00000004 b aptLockHandle
140531d4 00000004 b cdcChkRefCount
140531d8 00000004 b cdcChkHandle
140531dc 00000004 b cfguRefCount
140531e0 00000004 b cfguHandle
140531e8 00000080 b fsExemptArchives
14053268 00000004 b fsuRefCount
1405326c 00000004 b fsuHandle
14053270 00000004 b gspLcdRefCount
14053274 00000004 B gspLcdHandle
14053278 00000001 b usingIrrst
1405327c 00000004 b hidRefCount
14053280 00000006 b gRate
14053288 00000006 b aVec
14053290 00000004 b cPos
14053294 00000004 b tPos
14053298 00000004 b kRepeat
1405329c 00000004 b kUp
140532a0 00000004 b kDown
140532a4 00000004 b kHeld
140532a8 00000004 b kOld
140532ac 00000004 B hidSharedMem
140532b0 00000014 B hidEvents
140532c4 00000004 B hidMemHandle
140532c8 00000004 B hidHandle
140532cc 00000004 b irrstRefCount
140532d0 00000004 b csPos
140532d4 00000004 b kHeld
140532d8 00000004 B irrstSharedMem
140532dc 00000004 B irrstEvent
140532e0 00000004 B irrstMemHandle
140532e4 00000004 B irrstHandle
140532e8 00000004 b mcuHwcRefCount
140532ec 00000004 b mcuHwcHandle
140532f0 00000004 b ndmuRefCount
140532f4 00000004 B ndmuHandle
140532f8 00000004 b nwmExtRefCount
140532fc 00000004 B nwmExtHandle
14053300 00000004 b pmAppRefcount
14053304 00000004 b pmAppHandle
14053308 00000004 b pmDbgRefcount
1405330c 00000004 b pmDbgHandle
14053310 00000004 b ptmSetsRefCount
14053314 00000004 b ptmSetsHandle
14053318 00000004 b ptmSysmRefCount
1405331c 00000004 b ptmSysmHandle
14053320 00000004 b srvPmHandle
14053324 00000004 B __system_argv
14053328 00000004 B __system_argc
14053330 00000168 B __sf
14053498 B __bss_end__
14053498 A __end__
14053498 B __tls_end
14053498 B __tls_start
