1ff80000 A __start__
1ff80000 T _start
1ff80004 T operation
1ff80008 t start
1ff80050 T prepareForFirmlaunch
1ff80058 t _wait_for_core0_entrypoint_loop
1ff80068 t prepareForFirmlaunchEnd
1ff80068 T prepareForFirmlaunchSize
1ff8007c T _init
1ff80094 t __do_global_dtors_aux
1ff800d4 t frame_dummy
1ff80100 0000048c T main
1ff8058c 0000002c T memcpy
1ff805b8 00000028 T memset
1ff805e0 00000084 T __libc_init_array
1ff80664 T _fini
1ff80680 d __frame_dummy_init_array_entry
1ff80680 D __init_array_start
1ff80680 D __preinit_array_end
1ff80680 D __preinit_array_start
1ff80684 d __do_global_dtors_aux_fini_array_entry
1ff80684 D __init_array_end
1ff80688 ? __exidx_end
1ff80688 ? __exidx_start
1ff806a0 A __bss_start__
1ff806a0 b completed.1
1ff806a4 b object.0
1ff806c0 A __bss_end__
1fffe000 A __stack_top__
