70000000 T __start__
70000000 T _start
70000030 t start
7000004c t startPhys
7000006c t _bindSGI0Hook
70000078 T _init
700000a0 t _die
700000a4 t _die_loop
700000ac t _commonHandler
700000e0 t _try_lock
700001a0 t _L2C_sync
700001ac t _no_L2C
700001dc T FIQHandler
70000214 t _exc_is_fatal_FIQ
70000220 T undefinedInstructionHandler
70000278 t _undefinedInstructionNormalHandler
700002b0 t _exc_is_fatal__undefinedInstructionNormal
700002bc T prefetchAbortHandler
700002e8 t _prefetchAbortNormalHandler
70000320 t _exc_is_fatal__prefetchAbortNormal
7000032c T dataAbortHandler
7000035c t _dataAbortNormalHandler
70000394 t _exc_is_fatal__dataAbortNormal
700003e0 T svcHandler
70000420 t _handled_svc
70000444 t _fallback
70000458 t _fallback_end
7000047c t _no_signal_return
70000484 t _svc_finished
70000490 t _svc_return
70000498 t _postprocess_svc
700004c8 t _call_svc_debugged
700004ec t _signal_svc_end
70000514 T convertVAToPA
70000530 t _convertVAToPA_read_check
70000538 t _convertVAToPA_write_check
7000053c t _convertVAToPA_end_check
70000554 T flushEntireDataCache
70000564 T invalidateEntireInstructionCache
70000574 T KObjectMutex__Acquire
700005a0 T KObjectMutex__Release
700005c4 T KProcessHwInfo__MapL1Section_Hook
700005e8 T KProcessHwInfo__MapL2Section_Hook
7000060c T safecpy
70000618 t _safecpy_loop
70000634 t _safecpy_loop_end
7000063c t _safecpy_end
70000650 T Backdoor
70000678 T Break
70000688 T CustomBackdoor
700006a4 T GetHandleInfoHookWrapper
700006b8 T GetSystemInfoHookWrapper
700006cc T GetProcessInfoHookWrapper
700006e0 T GetThreadInfoHookWrapper
700006f4 T ConnectToPortHookWrapper
70000708 T CopyHandleWrapper
7000071c T TranslateHandleWrapper
70000730 T ControlMemoryHookWrapper
70000750 T ExitProcessHookWrapper
7000075c T ControlMemoryEx
7000078c T CreateThreadHookWrapper
700007b0 T ControlMemoryUnsafeWrapper
700007c4 T MapProcessMemoryExWrapper
700007e8 00000390 T strcmp
70000b70 t __do_global_dtors_aux
70000bb0 t frame_dummy
70000bdc 00000038 T enableMonitorModeDebugging
70000c14 00000074 T disableWatchpoint
70000c88 000000e8 T setWatchpointWithContextId
70000d70 000000dc t checkExceptionHandlerValidity
70000e4c 0000015c T isExceptionFatal
70000fa8 0000007c T isDataAbortExceptionRangeControlled
70001024 000001a4 T fatalExceptionHandlersMain
700011c8 00000018 T KLinkedList__Initialize
700011e0 00000164 T PLG_SignalEvent
70001344 0000001c T PLG__WakeAppThread
70001360 00000024 T PLG_GetStatus
70001384 00000094 t SessionInfo_FindClosestSlot
70001418 000000a4 T SessionInfo_Lookup
700014bc 000000e4 T SessionInfo_FindFirst
700015a0 000001a8 T SessionInfo_Add
70001748 000000f0 T SessionInfo_Remove
70001838 00000024 t KSession__dtor_hook
7000185c 000001ec T doLangEmu
70001a48 000000a8 T doErrfThrowHook
70001af0 00000150 T relocateAndSetupMMU
70001c40 0000005c T bindSGI0Hook
70001c9c 00000134 T configHook
70001dd0 000010f0 T main
70002ec0 0000006c T L2MMUTable__RWXForAll
70002f2c 0000009c T L1MMUTable__RWXForAll
70002fc8 0000004c T L2MMUTable__GetPAFromVA
70003014 00000060 T L1MMUTable__GetPAFromVA
70003074 000000a0 T L2MMUTable__GetAddressUserPerm
70003114 000000b0 T L1MMUTable__GetAddressUserPerm
700031c4 00000058 T KProcessHwInfo__SetMMUTableToRWX
7000321c 0000006c T KProcessHwInfo__GetPAFromVA
70003288 0000006c T KProcessHwInfo__GetAddressUserPerm
700032f4 000000dc T PatchDescriptorAccessControl
700033d0 00000034 t BreakHook
70003404 00000190 T buildAlteredSvcTable
70003594 0000005c T signalSvcEntry
700035f0 00000100 T signalSvcReturn
700036f0 00000068 T postprocessSvc
70003758 00000028 T executeFunctionOnCores
70003780 00000068 T KScheduler__TriggerCrossCoreInterrupt
700037e8 00000070 T KThread__DebugReschedule
70003858 00000078 T rosalinaRescheduleThread
700038d0 00000100 T rosalinaThreadLockPredicate
700039d0 00000254 T rosalinaLockThreads
70003c24 00000078 T rosalinaUnlockThreads
70003c9c 00000100 T ConnectToPortHook
70003d9c 00000058 T ControlMemoryHook
70003df4 000001a0 T ControlMemoryUnsafe
70003f94 00000070 t rescheduleThread
70004004 00000618 T ControlProcess
7000461c 000002c0 T ControlService
700048dc 000001c8 T CopyHandle
70004aa4 000000a4 T CreateThreadHook
70004b48 0000010c T ExitProcessHook
70004c54 00000390 T GetHandleInfoHook
70004fe4 00000298 T GetProcessInfoHook
7000527c 000005bc T GetSystemInfoHook
70005838 000000a8 T GetThreadInfoHook
700058e0 00000090 T shouldSignalSyscallDebugEvent
70005970 000001fc T SetSyscallDebugEventMask
70005b6c 000003b4 T KernelSetStateHook
70005f20 000001cc T MapProcessMemoryEx
700060ec 00000660 T SendSyncRequestHook
7000674c 00000008 T SetGpuProt
70006754 00000024 T SetWifiEnabled
70006778 00000134 T TranslateHandle
700068ac 000000f8 T UnmapProcessMemoryEx
700069a4 000000e4 T strncmp
70006a88 0000005c T strlen
70006ae4 00000150 T memmove
70006c34 0000011c T memcpy
70006d50 000000f4 T memset
70006e44 000000c4 T strncpy
70006f08 00000084 T __libc_init_array
70006f8c T _fini
7000704c R safecpy_sz
70007050 d __frame_dummy_init_array_entry
70007050 D __init_array_start
70007050 D __preinit_array_end
70007050 D __preinit_array_start
70007054 d __do_global_dtors_aux_fini_array_entry
70007054 D __init_array_end
70007058 A __exidx_end
70007058 A __exidx_start
70007058 00000160 D kExtParameters
700071b8 d _customInterruptEventObj
700071bc D customInterruptEvent
70007400 A __bss_start__
70007400 b _regs
7000745c b _fatalExceptionOccured
70007460 b completed.1
70007464 b object.0
7000747c 00000004 B dbgParamContextId
70007480 00000004 B dbgParamWCR
70007484 00000004 B dbgParamDVA
70007488 00000004 B dbgParamWatchpointId
7000748c 00000008 B dbgParamsLock
70007494 00000004 B flagsKProcess
70007498 00000004 B debugOffsetKProcess
7000749c 00000004 B handleTableOffsetKProcess
700074a0 00000004 B codeSetOffsetKProcess
700074a4 00000004 B hwInfoOffsetKProcess
700074a8 00000004 B pidOffsetKProcess
700074ac 00000004 B signalPluginEvent
700074b0 00000001 B hasStartedRosalinaNetworkFuncsOnce
700074b4 00000004 B rosalinaState
700074b8 00000001 B disableThreadRedirection
700074bc 00000004 B stolenSystemMemRegionSize
700074c0 00000004 B kextBasePa
700074c8 00000130 B cfwInfo
700075f8 00000004 B kAlloc
700075fc 00000004 B coreBarrier
70007600 00000004 B mcuReboot
70007604 00000004 B initFPU
70007608 00000004 B interruptManager
7000760c 00000004 B InterruptManager__MapInterrupt
70007610 00000004 B nbSection0Modules
70007614 00000020 B originalHandlers
70007634 00000004 B coreCtxs
70007638 00000004 B fcramDescriptor
7000763c 00000018 B fcramLayout
70007654 00000004 B kernelVersion
70007658 00000004 B configPage
7000765c 00000004 B isDevUnit
70007660 00000004 B kernelUsrCopyFuncsEnd
70007664 00000004 B kernelUsrCopyFuncsStart
70007668 00000010 B L1MMUTableAddrs
70007678 00000004 B TTBCR
7000767c 00000004 B exceptionStackTop
70007680 00000001 B isN3DS
70007684 00000004 B SignalDebugEvent
70007688 00000004 B officialPostProcessSvc
7000768c 00000004 B kernelpanic
70007690 00000004 B svcFallbackHandler
70007694 00000004 B kernelToUsrStrncpy
70007698 00000004 B kernelToUsrMemcpy32
7000769c 00000004 B kernelToUsrMemcpy8
700076a0 00000004 B usrToKernelStrncpy
700076a4 00000004 B usrToKernelMemcpy32
700076a8 00000004 B usrToKernelMemcpy8
700076ac 00000004 B invalidateInstructionCacheRange
700076b0 00000004 B flushDataCacheRange
700076b4 00000004 B KernelSetState
700076b8 00000004 B UnmapProcessMemory
700076bc 00000004 B SignalEvent
700076c0 00000004 B DebugActiveProcess
700076c4 00000004 B GetProcessId
700076c8 00000004 B OpenProcess
700076cc 00000004 B SendSyncRequest
700076d0 00000004 B ConnectToPort
700076d4 00000004 B GetThreadInfo
700076d8 00000004 B GetProcessInfo
700076dc 00000004 B GetSystemInfo
700076e0 00000004 B GetHandleInfo
700076e4 00000004 B CloseHandle
700076e8 00000004 B CreateEvent
700076ec 00000004 B SleepThread
700076f0 00000004 B CreateThread
700076f4 00000004 B doControlMemory
700076f8 00000004 B ControlMemory
700076fc 00000004 B KLinkedList_KBlockInfo__Clear
70007700 00000004 B KScheduler__AttemptSwitchingThreadContext
70007704 00000004 B KScheduler__AdjustThread
70007708 00000004 B KObjectMutex__ErrorOccured
7000770c 00000004 B KObjectMutex__WaitAndAcquire
70007710 00000004 B KEvent__Signal
70007714 00000004 B KEvent__Clear
70007718 00000004 B KProcessHwInfo__MapListOfKBlockInfo
7000771c 00000004 B KProcessHwInfo__GetListOfKBlockInfoForVA
70007720 00000004 B KProcessHwInfo__CheckVaState
70007724 00000004 B KProcessHwInfo__UnmapProcessMemory
70007728 00000004 B KProcessHwInfo__MapProcessMemory
7000772c 00000004 B KProcessHwInfo__QueryMemory
70007730 00000004 B KProcessHandleTable__CreateHandle
70007734 00000004 B WaitSynchronization1
70007738 00000004 B KSynchronizationObject__Signal
7000773c 00000004 B KProcessHandleTable__ToKAutoObject
70007740 00000004 B KProcessHandleTable__ToKThread
70007744 00000004 B KProcessHandleTable__ToKProcess
70007748 00000004 B KAutoObject__AddReference
7000774c 00000004 B KRecursiveLock__Unlock
70007750 00000004 B KRecursiveLock__Lock
70007754 00000004 B synchronizationMutex
70007758 00000004 B threadList
7000775c 00000004 B criticalSectionLock
70007760 00000004 b KSession__dtor_orig
70007764 00000040 b customSessionVtable
700077a8 00000400 B processLangemuAttributes
70007ba8 00000008 B processLangemuLock
70007bb0 00000008 b sessionInfosLock
70007bb8 00000004 b nbActiveSessions
70007bbc 00001590 b sessionInfos
70009400 00000400 b g_L2Table
70009800 00000004 b g_rwxState
70009804 00000400 B alteredSvcTable
70009c04 000001f8 B officialSVCs
70009dfc 00000008 b syscallDebugEventMaskLock.0
70009e04 00000001 B svcSignalingEnabled
70009e05 00000001 b forceBetterSoc
70009e08 00000060 b masks
70009e68 0000000c b maskedPids
70009e74 00000004 b nbEnabled
70009e78 B SGI0Handler
7000a000 A __bss_end__
7000a000 A __end__
