         w __deregister_frame_info
         w __register_frame_info
00100000 A __start__
00100000 T _start
00100008 T __service_ptr
0010000c T __apt_appid
00100010 T __heap_size
00100014 T __linear_heap_size
00100018 T __system_arglist
0010001c T __system_runflags
00100020 t startup
00100058 t ClearMem
0010006c t ClrLoop
00100094 T _init
001000ac t __do_global_dtors_aux
001000ec t frame_dummy
00100118 00000010 t _thread_begin
00100128 0000002c T MyThread_Create
00100154 00000038 T MyThread_Join
0010018c 00000040 T PXIReset
001001cc 00000018 T PXITriggerSync9IRQ
001001e4 00000018 T PXIIsSendFIFOFull
001001fc 00000010 T PXISendByte
0010020c 0000001c T PXISendWord
00100228 00000030 T PXISendBuffer
00100258 00000018 T PXIIsReceiveFIFOEmpty
00100270 00000010 T PXIReceiveByte
00100280 0000001c T PXIReceiveWord
0010029c 00000030 T PXIReceiveBuffer
001002cc 00000088 T unbindPXIInterrupts
00100354 000000e8 T bindPXIInterrupts
0010043c 0000007c T __wrap_exit
001004b8 00000328 T initSystem
001007e0 00000340 T main
00100b20 00000238 T receiver
00100d58 0000008c t acquireStaticBuffers
00100de8 00000124 T sendPXICmdbuf
00100f0c 000005d8 T sender
001014e8 00000188 T PXISRV11Handler
00101670 0000012c T srvInit
0010179c 00000058 T srvExit
001017f4 00000060 T srvEnableNotification
00101854 00000090 T srvRegisterService
001018e4 00000060 T srvReceiveNotification
00101944 00000038 T srvPublishToSubscriber
0010197c 0000000c T __sync_init
00101988 00000018 T __sync_fini
001019a0 000000ac T LightLock_Lock
00101a4c 00000030 T RecursiveLock_Lock
00101a7c 00000054 T RecursiveLock_Unlock
00101ad0 0000000c T srvPmGetSessionHandle
00101adc T svcExitProcess
00101ae4 T svcCreateThread
00101b04 T svcExitThread
00101b0c T svcSleepThread
00101b14 T svcCreateMutex
00101b28 T svcReleaseMutex
00101b30 T svcCreateSemaphore
00101b44 T svcReleaseSemaphore
00101b58 T svcCreateEvent
00101b6c T svcSignalEvent
00101b74 T svcCreateAddressArbiter
00101b88 T svcArbitrateAddressNoTimeout
00101b90 T svcCloseHandle
00101b98 T svcWaitSynchronization
00101ba0 T svcWaitSynchronizationN
00101bc8 T svcDuplicateHandle
00101bdc T svcConnectToPort
00101bf0 T svcSendSyncRequest
00101bf8 T svcBreak
00101c00 T svcAcceptSession
00101c18 T svcReplyAndReceive
00101c30 T svcBindInterrupt
00101c38 T svcUnbindInterrupt
00101c40 00000048 T strnlen
00101c88 0000011c T memcpy
00101da4 000000f4 T memset
00101e98 000000c4 T strncpy
00101f5c T _fini
00102000 00000028 R nbStaticBuffersByService
00102084 R __tdata_align
00102088 r __EH_FRAME_BEGIN__
00102088 R __exidx_end
00102088 R __exidx_start
00103000 00000028 D serviceNames
00103028 d __frame_dummy_init_array_entry
00103028 D __tdata_lma
00103028 D __tdata_lma_end
0010302c d __do_global_dtors_aux_fini_array_entry
00103030 D __bss_start__
00103030 b completed.1
00103034 b object.0
0010304c 00000010 b PXISRV11HandlerThread
0010305c 00000010 b senderThread
0010306c 00000010 b receiverThread
00103080 00001000 b PXISRV11HandlerStack
00104080 00001000 b senderStack
00105080 00001000 b receiverStack
00107000 00015000 B staticBuffers
0011c000 00000b24 B sessionManager
0011cb24 00000001 B shouldTerminate
0011cb28 00000004 B terminationRequestedEvent
0011cb2c 00000004 B PXITransferMutex
0011cb30 00000004 B PXISyncInterrupt
0011cb34 00000004 b srvRefCount
0011cb38 00000004 b srvHandle
0011cb3c 00000004 b arbiter
0011cb40 00000004 b srvPmHandle
0011cb44 00000004 B __system_argv
0011cb48 00000004 B __system_argc
0011cb4c B __bss_end__
0011cb4c A __end__
0011cb4c B __tls_end
0011cb4c B __tls_start
