         w __deregister_frame_info
         w __register_frame_info
00100000 A __start__
14000000 T _start
14000008 T __service_ptr
1400000c T __apt_appid
14000010 T __heap_size
14000014 T __linear_heap_size
14000018 T __system_arglist
1400001c T __system_runflags
14000020 t startup
14000058 t ClearMem
1400006c t ClrLoop
14000094 T _init
140000c8 00000390 T strcmp
14000450 t __do_global_dtors_aux
14000490 t frame_dummy
140004bc 0000004c t patcher::Bps::crc32(unsigned char const*, unsigned int)
14000508 0000004c W patcher::Bps::Stream<unsigned char const>::ReadNumber()
14000554 00000074 W bool patcher::Bps::Stream<unsigned char>::CopyFrom<unsigned char const>(patcher::Bps::Stream<unsigned char const>&, unsigned int)
140005c8 0000015c W patcher::Bps::PatchApplier::HandleCommand()
14000724 000003c4 T patcherApplyCodeBpsPatch
14000ae8 000000bc T Ldr_Get3dsxSize
14000ba4 000004c4 T Ldr_CodesetFrom3dsx
14001068 00000004 t panic.constprop.0
1400106c 000001e4 T hbldrPatchExHeaderInfo
14001250 00000208 T hbldrLoadProcess
14001458 00000104 T hbldrHandleCommands
1400155c 00000088 t IFile_Read.part.0
140015e4 00000070 T IFile_Open
14001654 00000008 T IFile_Close
1400165c 00000024 T IFile_GetSize
14001680 00000028 T IFile_Read
140016a8 00000048 T IFile_ReadAt
140016f0 00000054 T IFile_Read2
14001744 000000bc t lzss_decompress.isra.0
14001800 00000004 t panic.isra.0
14001804 00000320 t GetProgramInfo
14001b24 000000b4 T plgldrInit
14001bd8 00000a48 T loaderHandleCommands
14002620 00000004 t panic.isra.0
14002624 00000008 T __wrap_exit
14002630 000002cc T initSystem
140028fc 0000006c T main
14002968 000000dc T memsearch
14002a44 00000070 T allocateProgramMemory
14002ab4 00000070 t fileOpen.constprop.0
14002b24 000002c4 t applyCodeIpsPatch
14002de8 0000007c T openSysmoduleCxi
14002e68 00000060 T readSysmoduleCxiNcchHeader
14002ec8 00000070 T readSysmoduleCxiExHeaderInfo
14002f38 00000124 T readSysmoduleCxiCode
1400305c 00000114 T loadTitleCodeSection
14003170 00000114 T loadTitleExheaderInfo
14003284 000016e4 T patchCode
14004968 0000059c T ServiceManager_Run
14004f04 00000038 T progIdToStr
14004f3c 0000012c T srvInit
14005068 00000060 T srvEnableNotification
140050c8 00000090 T srvRegisterService
14005158 00000058 T srvUnregisterService
140051b0 000000a0 T srvGetServiceHandleDirect
14005250 00000038 T srvGetServiceHandle
14005288 00000034 T srvSubscribe
140052bc 00000034 T srvUnsubscribe
140052f0 00000060 T srvReceiveNotification
14005350 0000000c T __sync_init
1400535c 00000084 T fsMakePath
140053e0 0000000c T fsGetSessionHandle
140053ec 000000d4 T FSUSER_OpenFileDirectly
140054c0 000000b4 T FSUSER_OpenDirectory
14005574 00000094 T FSUSER_OpenArchive
14005608 0000008c T FSUSER_CloseArchive
14005694 00000030 T FSUSER_InitializeWithSdkVersion
140056c4 00000048 T FSUSER_SetPriority
1400570c 00000058 T FSFILE_Read
14005764 00000038 T FSFILE_GetSize
1400579c 0000003c T FSFILE_Close
140057d8 0000003c T FSDIR_Close
14005814 00000074 T fsRegInit
14005888 000000a0 T FSREG_Register
14005928 0000005c T FSREG_GetProgramInfo
14005984 0000005c T FSREG_LoadProgram
140059e0 00000038 T FSREG_UnloadProgram
14005a18 00000038 T FSREG_CheckHostLoadId
14005a50 00000074 T pxiPmInit
14005ac4 00000048 T PXIPM_GetProgramInfo
14005b0c 0000007c T PXIPM_RegisterProgram
14005b88 00000038 T PXIPM_UnregisterProgram
14005bc0 0000000c T srvPmGetSessionHandle
14005bcc 000000c0 T utf8_to_utf16
14005c8c T svcControlMemory
14005cac T svcExitProcess
14005cb4 T svcSleepThread
14005cbc T svcCreateAddressArbiter
14005cd0 T svcCloseHandle
14005cd8 T svcDuplicateHandle
14005cec T svcGetSystemInfo
14005d04 T svcConnectToPort
14005d18 T svcSendSyncRequest
14005d20 T svcGetProcessId
14005d34 T svcBreak
14005d3c T svcCreatePort
14005d5c T svcAcceptSession
14005d74 T svcReplyAndReceive
14005d8c T svcCreateCodeSet
14005da8 T svcCreateProcess
14005dc0 T svcKernelSetState
14005dc8 00000084 W envGetHandle
14005e4c 0000013c T decode_utf8
14005f88 00000054 T encode_utf16
14005fdc 0000005c T strlen
14006038 00000150 T memmove
14006188 000000d8 T memcmp
14006260 00000048 T strnlen
140062a8 0000011c T memcpy
140063c4 000000f4 T memset
140064b8 000000c4 T strncpy
1400657c T _fini
1400753c r .LC1
14007590 00000048 r kernelCaps
140075d8 0000002c r dependencyListSafeFirmUids
14007604 00000048 r dependencyListNativeFirmUids
1400764c 00000110 r serviceList
1400775c 0000000c r codeContentPath
14007768 00000008 r notifications
14007770 00000030 r services
140077a0 00000018 r updateRomFsMounts.0
140077b8 000002ec r countries.1
14007aa4 00000034 r languages.2
14007ad8 00000020 r regions.3
14007af8 00000014 r paths.6
14007b0c 00000005 r pattern.8
14007b14 00000001 r pattern3.10
14007b18 0000000c r pattern2.11
14007b24 00000004 r pattern.13
14007b28 00000004 r pattern3.14
14007b2c 00000004 r pattern2.15
14007b30 00000004 r pattern.17
14007b34 00000008 r pattern.19
14007b3c 00000004 r pattern.21
14007b40 00000004 r pattern.22
14007b44 00000004 r pattern.23
14007b48 00000004 r pattern.25
14007b4c 00000006 r pattern.26
14007b54 00000010 r verStringNandEmu.27
14007b64 00000006 r pattern.28
14007b6c 00000004 r pattern.30
14007b70 00000011 r hexDigits.0
14007b84 R __tdata_align
14007b88 r __EH_FRAME_BEGIN__
14007b88 R __exidx_end
14007b88 R __exidx_start
14008000 d _mountArchive
14008000 D romfsRedirPatch
14008004 D romfsRedirPatchSubstituted1
14008008 D romfsRedirPatchHook1
1400800c d _fsRedir
14008010 D romfsRedirPatchSubstituted2
14008014 D romfsRedirPatchHook2
14008018 d mountArchive
1400805c d fsRedir
14008078 d pathRedir
14008084 d pathRedir_1
14008094 d pathRedir_2
140080a8 d pathRedir_3
140080cc d endRedir
140080dc d compare
140080e4 d loop
14008100 D romfsRedirPatchArchiveName
14008104 D romfsRedirPatchFsMountArchive
14008108 D romfsRedirPatchFsRegisterArchive
1400810c D romfsRedirPatchArchiveId
14008110 D romfsRedirPatchRomFsMount
14008114 D romfsRedirPatchUpdateRomFsMount
14008118 D romfsRedirPatchCustomPath
1400811c d _romfsRedirPatchEnd
1400811c D romfsRedirPatchSize
14008120 d __frame_dummy_init_array_entry
14008120 D __tdata_lma
14008120 D __tdata_lma_end
14008124 d __do_global_dtors_aux_fini_array_entry
14008128 D __bss_start__
14008128 b completed.1
1400812c b object.0
14008144 00000400 B ldrArgvBuf
14008544 00000800 b s_relocBuf
14008d44 00000200 b hbldrTarget
14008f44 00000004 b plgldrHandle
14008f48 00000004 b plgldrRefcount
14008f4c 00000200 b g_cached_sysmoduleCxiNcch
14009150 00000008 b g_cached_sysmoduleCxiCookie
14009158 00000018 b g_cached_sysmoduleCxiFile
14009170 00000400 b g_lastAppExheaderInfo
14009570 00000400 b g_exheaderInfo
14009970 00000008 b g_cached_programHandle
14009978 00000004 b g_memoryOverrideConfig
1400997c 00000400 b staticBufferForHbldr
14009d7c 00000001 B nextGamePatchDisabled
14009d7d 00000001 B isSdMode
14009d7e 00000001 B isN3DS
14009d80 00000004 B bootConfig
14009d84 00000004 B multiConfig
14009d88 00000004 B config
14009d8c 00000001 b exists.4
14009d90 00000004 b srvRefCount
14009d94 00000004 b srvHandle
14009d98 00000004 b arbiter
14009da0 00000080 b fsExemptArchives
14009e20 00000004 b fsuHandle
14009e24 00000004 b fsRegRefCount
14009e28 00000004 b fsRegHandle
14009e2c 00000004 b pxiPmRefCount
14009e30 00000004 b pxiPmHandle
14009e34 00000004 b srvPmHandle
14009e38 00000004 B __system_argv
14009e3c 00000004 B __system_argc
14009e40 B __bss_end__
14009e40 A __end__
14009e40 B __tls_end
14009e40 B __tls_start
